{"numFailedTestSuites":0,"numFailedTests":0,"numPassedTestSuites":1,"numPassedTests":1,"numPendingTestSuites":0,"numPendingTests":0,"numRuntimeErrorTestSuites":0,"numTodoTests":0,"numTotalTestSuites":1,"numTotalTests":1,"openHandles":[],"snapshot":{"added":0,"didUpdate":false,"failure":false,"filesAdded":0,"filesRemoved":0,"filesRemovedList":[],"filesUnmatched":0,"filesUpdated":0,"matched":0,"total":0,"unchecked":0,"uncheckedKeysByFile":[],"unmatched":0,"updated":0},"startTime":1764108925779,"success":true,"testResults":[{"assertionResults":[{"ancestorTitles":["API"],"duration":41,"failureDetails":[],"failureMessages":[],"fullName":"API GET /health returns ok","invocations":1,"location":null,"numPassingAsserts":2,"retryReasons":[],"status":"passed","title":"GET /health returns ok"}],"endTime":1764108959232,"message":"","name":"/mnt/c/dev/tdc_2025_bsb/services/api-node/tests/app.test.js","startTime":1764108927716,"status":"passed","summary":""}],"wasInterrupted":false}
